2019-11-22 08:41:26,643 INFO - root - Initialising application
2019-11-22 08:41:26,655 INFO - root - Initialise global hotkeys
2019-11-22 08:41:26,656 INFO - config-manager - No configuration found - creating new one
2019-11-22 08:41:26,663 INFO - config-manager - Configuration changed - rebuilding in-memory structures
2019-11-22 08:41:26,663 INFO - config-manager - Persisting configuration
2019-11-22 08:41:26,664 INFO - config-manager - Finished persisting configuration - no errors
2019-11-22 08:41:26,665 INFO - service - Starting service
2019-11-22 08:41:26,807 INFO - interface - XRecord interface thread starting
2019-11-22 08:41:26,810 INFO - service - Service now marked as running
2019-11-22 08:41:27,007 INFO - root - Displaying configuration window
2019-11-22 08:41:27,454 INFO - root - Entering main()
2019-11-22 08:41:32,857 INFO - config-manager - Configuration changed - rebuilding in-memory structures
2019-11-22 08:41:32,858 INFO - config-manager - Persisting configuration
2019-11-22 08:41:32,861 INFO - config-manager - Backing up existing config file
2019-11-22 08:41:32,863 INFO - config-manager - Finished persisting configuration - no errors
2019-11-22 12:57:19,367 INFO - root - Initialising application
2019-11-22 12:57:19,397 INFO - root - Initialise global hotkeys
2019-11-22 12:57:19,398 INFO - config-manager - Loading config from existing file: /home/audio333/.config/autokey/autokey.json
2019-11-22 12:57:19,425 INFO - config-manager - Configuration changed - rebuilding in-memory structures
2019-11-22 12:57:19,427 INFO - config-manager - Successfully loaded configuration
2019-11-22 12:57:19,428 INFO - service - Starting service
2019-11-22 12:57:19,887 INFO - interface - XRecord interface thread starting
2019-11-22 12:57:19,895 INFO - service - Service now marked as running
2019-11-22 12:57:20,397 INFO - root - Entering main()
2019-11-22 13:36:14,632 INFO - root - Initialising application
2019-11-22 13:36:14,680 INFO - root - Initialise global hotkeys
2019-11-22 13:36:14,681 INFO - config-manager - Loading config from existing file: /home/audio333/.config/autokey/autokey.json
2019-11-22 13:36:14,744 INFO - config-manager - Configuration changed - rebuilding in-memory structures
2019-11-22 13:36:14,746 INFO - config-manager - Successfully loaded configuration
2019-11-22 13:36:14,747 INFO - service - Starting service
2019-11-22 13:36:15,123 INFO - interface - XRecord interface thread starting
2019-11-22 13:36:15,132 INFO - service - Service now marked as running
2019-11-22 13:36:15,517 INFO - root - Entering main()
2019-11-22 14:51:56,311 INFO - root - Initialising application
2019-11-22 14:51:56,341 INFO - root - Initialise global hotkeys
2019-11-22 14:51:56,341 INFO - config-manager - Loading config from existing file: /home/audio333/.config/autokey/autokey.json
2019-11-22 14:51:56,395 INFO - config-manager - Configuration changed - rebuilding in-memory structures
2019-11-22 14:51:56,396 INFO - config-manager - Successfully loaded configuration
2019-11-22 14:51:56,396 INFO - service - Starting service
2019-11-22 14:51:56,646 INFO - interface - XRecord interface thread starting
2019-11-22 14:51:56,648 INFO - service - Service now marked as running
2019-11-22 14:51:56,892 INFO - root - Entering main()
2019-11-22 15:31:10,815 INFO - root - Shutting down
2019-11-22 15:31:10,823 INFO - service - Service shutting down
2019-11-22 15:31:11,633 INFO - config-manager - Persisting configuration
2019-11-22 15:31:11,634 INFO - config-manager - Backing up existing config file
2019-11-22 15:31:11,637 INFO - config-manager - Finished persisting configuration - no errors
2019-11-22 15:31:11,826 INFO - inotify - Shutting down file monitor
2019-11-22 15:41:41,928 INFO - root - Initialising application
2019-11-22 15:41:41,939 INFO - root - Initialise global hotkeys
2019-11-22 15:41:41,939 INFO - config-manager - Loading config from existing file: /home/audio333/.config/autokey/autokey.json
2019-11-22 15:41:41,958 INFO - config-manager - Configuration changed - rebuilding in-memory structures
2019-11-22 15:41:41,960 INFO - config-manager - Successfully loaded configuration
2019-11-22 15:41:41,960 INFO - service - Starting service
2019-11-22 15:41:42,066 INFO - interface - XRecord interface thread starting
2019-11-22 15:41:42,067 INFO - service - Service now marked as running
2019-11-22 15:41:42,185 INFO - root - Displaying configuration window
2019-11-22 15:41:42,623 INFO - root - Entering main()
2019-11-22 15:42:04,308 INFO - config-manager - Configuration changed - rebuilding in-memory structures
2019-11-22 15:42:04,308 INFO - config-manager - Persisting configuration
2019-11-22 15:42:04,309 INFO - config-manager - Backing up existing config file
2019-11-22 15:42:04,310 INFO - config-manager - Finished persisting configuration - no errors
2019-11-22 15:42:16,954 INFO - service - Matched hotkey phrase/script with prompt=False
2019-11-22 15:42:17,203 INFO - service - Matched hotkey phrase/script with prompt=False
2019-11-22 15:42:17,382 INFO - service - Matched hotkey phrase/script with prompt=False
2019-11-22 15:42:17,523 INFO - service - Matched hotkey phrase/script with prompt=False
2019-11-22 15:42:17,668 INFO - service - Matched hotkey phrase/script with prompt=False
2019-11-22 15:42:17,813 INFO - service - Matched hotkey phrase/script with prompt=False
2019-11-22 15:42:17,956 INFO - service - Matched hotkey phrase/script with prompt=False
2019-11-22 15:42:18,282 INFO - service - Matched hotkey phrase/script with prompt=False
2019-11-22 15:42:18,776 INFO - service - Matched hotkey phrase/script with prompt=False
2019-11-22 15:42:18,806 INFO - service - Matched hotkey phrase/script with prompt=False
2019-11-22 15:42:18,837 INFO - service - Matched hotkey phrase/script with prompt=False
2019-11-22 15:42:18,868 INFO - service - Matched hotkey phrase/script with prompt=False
2019-11-22 15:42:18,898 INFO - service - Matched hotkey phrase/script with prompt=False
2019-11-22 15:42:18,929 INFO - service - Matched hotkey phrase/script with prompt=False
2019-11-22 15:42:18,958 INFO - service - Matched hotkey phrase/script with prompt=False
2019-11-22 15:42:18,988 INFO - service - Matched hotkey phrase/script with prompt=False
2019-11-22 15:42:19,020 INFO - service - Matched hotkey phrase/script with prompt=False
2019-11-22 15:42:51,996 WARNING - config-manager - No action taken for create/update event at /home/audio333/.config/autokey/data/.swp
2019-11-22 15:42:52,498 WARNING - config-manager - No action taken for create/update event at /home/audio333/.config/autokey/data/.swpx
2019-11-22 15:42:52,999 WARNING - config-manager - No action taken for delete event at /home/audio333/.config/autokey/data/.swpx
2019-11-22 15:42:53,501 WARNING - config-manager - No action taken for delete event at /home/audio333/.config/autokey/data/.swp
2019-11-22 15:42:54,002 WARNING - config-manager - No action taken for create/update event at /home/audio333/.config/autokey/data/.swp
2019-11-22 15:42:54,504 WARNING - config-manager - No action taken for create/update event at /home/audio333/.config/autokey/data/.swp
2019-11-22 15:42:55,005 WARNING - config-manager - No action taken for create/update event at /home/audio333/.config/autokey/data/.swpx
2019-11-22 15:42:55,507 WARNING - config-manager - No action taken for delete event at /home/audio333/.config/autokey/data/.swpx
2019-11-22 15:42:56,009 WARNING - config-manager - No action taken for create/update event at /home/audio333/.config/autokey/data/.swpx
2019-11-22 15:42:56,511 WARNING - config-manager - No action taken for delete event at /home/audio333/.config/autokey/data/.swpx
2019-11-22 15:42:57,012 WARNING - config-manager - No action taken for delete event at /home/audio333/.config/autokey/data/.swp
2019-11-22 15:42:58,016 WARNING - config-manager - No action taken for create/update event at /home/audio333/.config/autokey/myKeys/.swp
2019-11-22 15:42:58,518 WARNING - config-manager - No action taken for create/update event at /home/audio333/.config/autokey/myKeys/.swpx
2019-11-22 15:42:59,019 WARNING - config-manager - No action taken for delete event at /home/audio333/.config/autokey/myKeys/.swpx
2019-11-22 15:42:59,521 WARNING - config-manager - No action taken for delete event at /home/audio333/.config/autokey/myKeys/.swp
2019-11-22 15:43:00,022 WARNING - config-manager - No action taken for create/update event at /home/audio333/.config/autokey/myKeys/.swp
2019-11-22 15:43:00,524 WARNING - config-manager - No action taken for create/update event at /home/audio333/.config/autokey/myKeys/.swp
2019-11-22 15:43:01,026 WARNING - config-manager - No action taken for create/update event at /home/audio333/.config/autokey/myKeys/.swpx
2019-11-22 15:43:01,527 WARNING - config-manager - No action taken for delete event at /home/audio333/.config/autokey/myKeys/.swpx
2019-11-22 15:43:02,029 WARNING - config-manager - No action taken for create/update event at /home/audio333/.config/autokey/myKeys/.swpx
2019-11-22 15:43:02,530 WARNING - config-manager - No action taken for delete event at /home/audio333/.config/autokey/myKeys/.swpx
2019-11-22 15:43:03,033 WARNING - config-manager - No action taken for delete event at /home/audio333/.config/autokey/myKeys/.swp
2019-11-22 15:43:07,709 INFO - service - Matched hotkey phrase/script with prompt=False
2019-11-22 15:43:07,925 INFO - service - Matched hotkey phrase/script with prompt=False
2019-11-22 15:43:08,143 INFO - service - Matched hotkey phrase/script with prompt=False
2019-11-22 15:43:08,284 INFO - service - Matched hotkey phrase/script with prompt=False
2019-11-22 15:43:08,501 INFO - service - Matched hotkey phrase/script with prompt=False
2019-11-22 15:43:08,998 INFO - service - Matched hotkey phrase/script with prompt=False
2019-11-22 15:43:09,029 INFO - service - Matched hotkey phrase/script with prompt=False
2019-11-22 15:43:09,059 INFO - service - Matched hotkey phrase/script with prompt=False
2019-11-22 15:43:09,089 INFO - service - Matched hotkey phrase/script with prompt=False
2019-11-22 15:43:09,120 INFO - service - Matched hotkey phrase/script with prompt=False
2019-11-22 15:43:09,150 INFO - service - Matched hotkey phrase/script with prompt=False
2019-11-22 15:43:09,182 INFO - service - Matched hotkey phrase/script with prompt=False
2019-11-22 15:43:09,211 INFO - service - Matched hotkey phrase/script with prompt=False
2019-11-22 15:43:09,242 INFO - service - Matched hotkey phrase/script with prompt=False
2019-11-22 15:43:09,272 INFO - service - Matched hotkey phrase/script with prompt=False
2019-11-22 15:43:09,302 INFO - service - Matched hotkey phrase/script with prompt=False
2019-11-22 15:43:09,332 INFO - service - Matched hotkey phrase/script with prompt=False
2019-11-22 15:43:10,734 INFO - service - Matched hotkey phrase/script with prompt=False
2019-11-22 15:43:11,341 INFO - service - Matched hotkey phrase/script with prompt=False
2019-11-22 15:43:12,420 INFO - service - Matched hotkey phrase/script with prompt=False
2019-11-22 15:43:12,741 INFO - service - Matched hotkey phrase/script with prompt=False
2019-11-22 15:43:13,069 INFO - service - Matched hotkey phrase/script with prompt=False
2019-11-22 15:43:13,249 INFO - service - Matched hotkey phrase/script with prompt=False
2019-11-22 15:43:13,428 INFO - service - Matched hotkey phrase/script with prompt=False
2019-11-22 15:43:13,752 INFO - service - Matched hotkey phrase/script with prompt=False
2019-11-22 15:43:14,002 INFO - service - Matched hotkey phrase/script with prompt=False
2019-11-22 15:43:14,182 INFO - service - Matched hotkey phrase/script with prompt=False
2019-11-22 15:43:14,614 INFO - service - Matched hotkey phrase/script with prompt=False
2019-11-22 15:43:14,828 INFO - service - Matched hotkey phrase/script with prompt=False
2019-11-22 15:43:14,974 INFO - service - Matched hotkey phrase/script with prompt=False
2019-11-22 15:43:15,223 INFO - service - Matched hotkey phrase/script with prompt=False
2019-11-22 15:43:15,440 INFO - service - Matched hotkey phrase/script with prompt=False
2019-11-22 15:48:24,118 INFO - service - Matched hotkey phrase/script with prompt=False
2019-11-22 15:48:24,585 INFO - service - Matched hotkey phrase/script with prompt=False
2019-11-22 15:48:24,766 INFO - service - Matched hotkey phrase/script with prompt=False
2019-11-22 15:48:24,945 INFO - service - Matched hotkey phrase/script with prompt=False
2019-11-22 15:48:25,092 INFO - service - Matched hotkey phrase/script with prompt=False
2019-11-22 15:48:25,591 INFO - service - Matched hotkey phrase/script with prompt=False
2019-11-22 15:48:29,343 INFO - service - Matched hotkey phrase/script with prompt=False
2019-11-22 15:48:29,522 INFO - service - Matched hotkey phrase/script with prompt=False
2019-11-22 15:48:29,739 INFO - service - Matched hotkey phrase/script with prompt=False
2019-11-22 15:48:31,054 INFO - service - Matched hotkey phrase/script with prompt=False
2019-11-22 15:48:31,414 INFO - service - Matched hotkey phrase/script with prompt=False
2019-11-22 15:48:32,202 INFO - service - Matched hotkey phrase/script with prompt=False
2019-11-22 15:48:32,382 INFO - service - Matched hotkey phrase/script with prompt=False
2019-11-22 15:48:32,602 INFO - service - Matched hotkey phrase/script with prompt=False
2019-11-22 15:48:32,744 INFO - service - Matched hotkey phrase/script with prompt=False
2019-11-22 15:48:32,956 INFO - service - Matched hotkey phrase/script with prompt=False
2019-11-22 15:48:33,177 INFO - service - Matched hotkey phrase/script with prompt=False
2019-11-22 15:48:33,821 INFO - service - Matched hotkey phrase/script with prompt=False
2019-11-22 15:48:34,038 INFO - service - Matched hotkey phrase/script with prompt=False
2019-11-22 15:48:34,535 INFO - service - Matched hotkey phrase/script with prompt=False
2019-11-22 15:48:34,564 INFO - service - Matched hotkey phrase/script with prompt=False
2019-11-22 15:48:34,591 INFO - service - Matched hotkey phrase/script with prompt=False
2019-11-22 15:48:34,622 INFO - service - Matched hotkey phrase/script with prompt=False
2019-11-22 15:48:34,653 INFO - service - Matched hotkey phrase/script with prompt=False
2019-11-22 15:48:34,682 INFO - service - Matched hotkey phrase/script with prompt=False
2019-11-22 15:48:34,713 INFO - service - Matched hotkey phrase/script with prompt=False
2019-11-22 15:48:34,744 INFO - service - Matched hotkey phrase/script with prompt=False
2019-11-22 15:48:34,773 INFO - service - Matched hotkey phrase/script with prompt=False
2019-11-22 15:48:34,804 INFO - service - Matched hotkey phrase/script with prompt=False
2019-11-22 15:48:34,834 INFO - service - Matched hotkey phrase/script with prompt=False
2019-11-22 15:48:34,865 INFO - service - Matched hotkey phrase/script with prompt=False
2019-11-22 15:48:34,895 INFO - service - Matched hotkey phrase/script with prompt=False
2019-11-22 15:48:38,174 INFO - service - Matched hotkey phrase/script with prompt=False
2019-11-22 15:48:38,430 INFO - service - Matched hotkey phrase/script with prompt=False
2019-11-22 15:48:38,606 INFO - service - Matched hotkey phrase/script with prompt=False
2019-11-22 15:48:38,786 INFO - service - Matched hotkey phrase/script with prompt=False
2019-11-22 15:48:38,966 INFO - service - Matched hotkey phrase/script with prompt=False
2019-11-22 15:48:39,148 INFO - service - Matched hotkey phrase/script with prompt=False
2019-11-22 15:48:39,323 INFO - service - Matched hotkey phrase/script with prompt=False
2019-11-22 15:48:39,506 INFO - service - Matched hotkey phrase/script with prompt=False
2019-11-22 15:48:39,831 INFO - service - Matched hotkey phrase/script with prompt=False
2019-11-22 15:48:40,046 INFO - service - Matched hotkey phrase/script with prompt=False
2019-11-22 15:48:40,263 INFO - service - Matched hotkey phrase/script with prompt=False
2019-11-22 15:48:40,439 INFO - service - Matched hotkey phrase/script with prompt=False
